trying to remove /scratch/2857784.clusman0a.frank.sam.pitt.edu
+---------------------------------------------------------------------+
|                        JOB INFORMATION                              |
+---------------------------------------------------------------------+
|
|  Date      : Tue May 12 14:54:38 EDT 2015
|  Job ID    : 2857784.clusman0a.frank.sam.pitt.edu
|  Username  : ark111
|  Group     : cwilmer
|  Job Name  : arkHT_0
|  Session   : 3617
|  Limits    : neednodes=1:ppn=1,nodes=1:ppn=1,pmem=2666mb,walltime=15:00:00
|  Resources : cput=00:00:00,energy_used=0,mem=0kb,vmem=0kb,walltime=00:00:05
|  Disk      : 80K
|  Queue     : ishared
|  Account   : 
|  Exit code : 0
|  Local scr : /scratch/2857784.clusman0a.frank.sam.pitt.edu
|  Node/cores: 7/1 
|
[---------------------------------------------------------------------]
